#
# There is insufficient memory for the Java Runtime Environment to continue.
# Native memory allocation (malloc) failed to allocate 1712832 bytes for Chunk::new
# Possible reasons:
#   The system is out of physical RAM or swap space
#   The process is running with CompressedOops enabled, and the Java Heap may be blocking the growth of the native heap
# Possible solutions:
#   Reduce memory load on the system
#   Increase physical memory or swap space
#   Check if swap backing store is full
#   Decrease Java heap size (-Xmx/-Xms)
#   Decrease number of Java threads
#   Decrease Java thread stack sizes (-Xss)
#   Set larger code cache with -XX:ReservedCodeCacheSize=
#   JVM is running with Zero Based Compressed Oops mode in which the Java heap is
#     placed in the first 32GB address space. The Java Heap base address is the
#     maximum limit for the native heap growth. Please use -XX:HeapBaseMinAddress
#     to set the Java Heap base and to place the Java Heap above 32GB virtual address.
# This output file may be truncated or incomplete.
#
#  Out of Memory Error (allocation.cpp:389), pid=27872, tid=0x0000000000006b7c
#
# JRE version: OpenJDK Runtime Environment (Zulu 8.84.0.15-CA-win64) (8.0_442-b06) (build 1.8.0_442-b06)
# Java VM: OpenJDK 64-Bit Server VM (25.442-b06 mixed mode windows-amd64 compressed oops)
# Failed to write core dump. Minidumps are not enabled by default on client versions of Windows
#

---------------  T H R E A D  ---------------

Current thread (0x000002083ad76000):  JavaThread "Unknown thread" [_thread_in_native, id=27516, stack(0x0000008d1af00000,0x0000008d1b000000)]

Stack: [0x0000008d1af00000,0x0000008d1b000000]
[error occurred during error reporting (printing stack bounds), id 0xc0000005]

Native frames: (J=compiled Java code, j=interpreted, Vv=VM code, C=native code)


Current CompileTask:
C2:   4467 3333   !   4       java.net.URLClassLoader$1::run (81 bytes)


---------------  P R O C E S S  ---------------

Java Threads: ( => current thread )
  0x000002083ae27000 JavaThread "Unknown thread" [_thread_blocked, id=6660, stack(0x0000008d1b300000,0x0000008d1b400000)]
  0x000002083ad87000 JavaThread "Unknown thread" [_thread_blocked, id=26748, stack(0x0000008d1b200000,0x0000008d1b300000)]
  0x000002083ad7f800 JavaThread "Unknown thread" [_thread_in_native, id=26460, stack(0x0000008d1b100000,0x0000008d1b200000)]
  0x000002083ad78000 JavaThread "Unknown thread" [_thread_in_native, id=23052, stack(0x0000008d1b000000,0x0000008d1b100000)]
=>0x000002083ad76000 JavaThread "Unknown thread" [_thread_in_native, id=27516, stack(0x0000008d1af00000,0x0000008d1b000000)]
  0x000002083ad70000 JavaThread "Unknown thread" [_thread_in_native, id=648, stack(0x0000008d1ae00000,0x0000008d1af00000)]
  0x0000020838fdf000 JavaThread "Unknown thread" [_thread_blocked, id=3288, stack(0x0000008d1ad00000,0x0000008d1ae00000)]
  0x0000020838ff5000 JavaThread "Unknown thread" [_thread_blocked, id=16772, stack(0x0000008d1ac00000,0x0000008d1ad00000)]
  0x0000020838f67800 JavaThread "Unknown thread" [_thread_blocked, id=22960, stack(0x0000008d1ab00000,0x0000008d1ac00000)]
  0x0000020838f60000 JavaThread "Unknown thread" [_thread_blocked, id=2012, stack(0x0000008d1aa00000,0x0000008d1ab00000)]
  0x000002081e46c800 JavaThread "Unknown thread" [_thread_blocked, id=5260, stack(0x0000008d1a000000,0x0000008d1a100000)]

Other Threads:
  0x0000020838f35800 VMThread [stack: 0x0000008d1a900000,0x0000008d1aa00000] [id=17872]
  0x000002083ae28000 WatcherThread [stack: 0x0000008d1b400000,0x0000008d1b500000] [id=21808]

VM state:at safepoint (normal execution)

VM Mutex/Monitor currently owned by a thread:  ([mutex/lock_event])
[0x000002081e4687e0] Threads_lock - owner thread: 0x0000020838f35800
[0x000002081e46a370] Heap_lock - owner thread: 0x000002081e46c800

heap address: 0x00000006c2800000, size: 4056 MB, Compressed Oops mode: Zero based, Oop shift amount: 3
Narrow klass base: 0x0000000000000000, Narrow klass shift: 3
Compressed class space size: 1073741824 Address: 0x00000007c0000000

Heap:
 PSYoungGen      total 75776K, used 10725K [0x000000076b800000, 0x0000000770c80000, 0x00000007c0000000)
  eden space 65024K, 0% used [0x000000076b800000,0x000000076b800000,0x000000076f780000)
  from space 10752K, 99% used [0x0000000770200000,0x0000000770c79568,0x0000000770c80000)
  to   space 10752K, 0% used [0x000000076f780000,0x000000076f780000,0x0000000770200000)
 ParOldGen       total 173568K, used 64K [0x00000006c2800000, 0x00000006cd180000, 0x000000076b800000)
  object space 173568K, 0% used [0x00000006c2800000,0x00000006c2810228,0x00000006cd180000)
 Metaspace       used 20513K, capacity 21080K, committed 21248K, reserved 1069056K
  class space    used 2349K, capacity 2502K, committed 2560K, reserved 1048576K

Card table byte_map: [0x000002082f0d0000,0x000002082f8c0000] byte_map_base: 0x000002082babc000

Marking Bits: (ParMarkBitMap*) 0x0000000065078480
 Begin Bits: [0x000002082fe10000, 0x0000020833d70000)
 End Bits:   [0x0000020833d70000, 0x0000020837cd0000)

Polling page: 0x000002081fce0000

CodeCache: size=245760Kb used=12301Kb max_used=12301Kb free=233458Kb
 bounds [0x000002081fd10000, 0x0000020820920000, 0x000002082ed10000]
 total_blobs=3950 nmethods=3561 adapters=300
 compilation: enabled

Compilation events (10 events):
Event: 4.371 Thread 0x000002083ad87000 3567       3       java.util.Stack::empty (13 bytes)
Event: 4.371 Thread 0x000002083ad87000 nmethod 3567 0x0000020820915450 code [0x00000208209155c0, 0x0000020820915998]
Event: 4.380 Thread 0x000002083ad87000 3568       3       org.codehaus.plexus.classworlds.realm.Entry::matches (282 bytes)
Event: 4.382 Thread 0x000002083ad87000 nmethod 3568 0x0000020820915e50 code [0x0000020820916220, 0x0000020820918fe0]
Event: 4.382 Thread 0x000002083ad87000 3569  s    3       java.util.jar.JarFile::getInputStream (89 bytes)
Event: 4.383 Thread 0x000002083ad87000 nmethod 3569 0x0000020820919f90 code [0x000002082091a1a0, 0x000002082091ad50]
Event: 4.395 Thread 0x000002083ad87000 3570       3       java.lang.ClassLoader::addClass (9 bytes)
Event: 4.395 Thread 0x000002083ad87000 nmethod 3570 0x000002082091b2d0 code [0x000002082091b440, 0x000002082091b670]
Event: 4.399 Thread 0x000002083ad87000 3571       3       java.io.File::getAbsoluteFile (38 bytes)
Event: 4.399 Thread 0x000002083ad87000 nmethod 3571 0x000002082091b750 code [0x000002082091b900, 0x000002082091bdd0]

GC Heap History (9 events):
Event: 1.757 GC heap before
{Heap before GC invocations=1 (full 0):
 PSYoungGen      total 75776K, used 65024K [0x000000076b800000, 0x0000000770c80000, 0x00000007c0000000)
  eden space 65024K, 100% used [0x000000076b800000,0x000000076f780000,0x000000076f780000)
  from space 10752K, 0% used [0x0000000770200000,0x0000000770200000,0x0000000770c80000)
  to   space 10752K, 0% used [0x000000076f780000,0x000000076f780000,0x0000000770200000)
 ParOldGen       total 173568K, used 0K [0x00000006c2800000, 0x00000006cd180000, 0x000000076b800000)
  object space 173568K, 0% used [0x00000006c2800000,0x00000006c2800000,0x00000006cd180000)
 Metaspace       used 11728K, capacity 11950K, committed 12032K, reserved 1060864K
  class space    used 1403K, capacity 1510K, committed 1536K, reserved 1048576K
Event: 1.765 GC heap after
Heap after GC invocations=1 (full 0):
 PSYoungGen      total 75776K, used 9558K [0x000000076b800000, 0x0000000770c80000, 0x00000007c0000000)
  eden space 65024K, 0% used [0x000000076b800000,0x000000076b800000,0x000000076f780000)
  from space 10752K, 88% used [0x000000076f780000,0x00000007700d5aa0,0x0000000770200000)
  to   space 10752K, 0% used [0x0000000770200000,0x0000000770200000,0x0000000770c80000)
 ParOldGen       total 173568K, used 16K [0x00000006c2800000, 0x00000006cd180000, 0x000000076b800000)
  object space 173568K, 0% used [0x00000006c2800000,0x00000006c2804000,0x00000006cd180000)
 Metaspace       used 11728K, capacity 11950K, committed 12032K, reserved 1060864K
  class space    used 1403K, capacity 1510K, committed 1536K, reserved 1048576K
}
Event: 2.885 GC heap before
{Heap before GC invocations=2 (full 0):
 PSYoungGen      total 75776K, used 74582K [0x000000076b800000, 0x0000000770c80000, 0x00000007c0000000)
  eden space 65024K, 100% used [0x000000076b800000,0x000000076f780000,0x000000076f780000)
  from space 10752K, 88% used [0x000000076f780000,0x00000007700d5aa0,0x0000000770200000)
  to   space 10752K, 0% used [0x0000000770200000,0x0000000770200000,0x0000000770c80000)
 ParOldGen       total 173568K, used 16K [0x00000006c2800000, 0x00000006cd180000, 0x000000076b800000)
  object space 173568K, 0% used [0x00000006c2800000,0x00000006c2804000,0x00000006cd180000)
 Metaspace       used 16930K, capacity 17274K, committed 17536K, reserved 1064960K
  class space    used 2001K, capacity 2114K, committed 2176K, reserved 1048576K
Event: 2.901 GC heap after
Heap after GC invocations=2 (full 0):
 PSYoungGen      total 75776K, used 10246K [0x000000076b800000, 0x0000000770c80000, 0x00000007c0000000)
  eden space 65024K, 0% used [0x000000076b800000,0x000000076b800000,0x000000076f780000)
  from space 10752K, 95% used [0x0000000770200000,0x0000000770c01b18,0x0000000770c80000)
  to   space 10752K, 0% used [0x000000076f780000,0x000000076f780000,0x0000000770200000)
 ParOldGen       total 173568K, used 24K [0x00000006c2800000, 0x00000006cd180000, 0x000000076b800000)
  object space 173568K, 0% used [0x00000006c2800000,0x00000006c2806000,0x00000006cd180000)
 Metaspace       used 16930K, capacity 17274K, committed 17536K, reserved 1064960K
  class space    used 2001K, capacity 2114K, committed 2176K, reserved 1048576K
}
Event: 3.761 GC heap before
{Heap before GC invocations=3 (full 0):
 PSYoungGen      total 75776K, used 75270K [0x000000076b800000, 0x0000000770c80000, 0x00000007c0000000)
  eden space 65024K, 100% used [0x000000076b800000,0x000000076f780000,0x000000076f780000)
  from space 10752K, 95% used [0x0000000770200000,0x0000000770c01b18,0x0000000770c80000)
  to   space 10752K, 0% used [0x000000076f780000,0x000000076f780000,0x0000000770200000)
 ParOldGen       total 173568K, used 24K [0x00000006c2800000, 0x00000006cd180000, 0x000000076b800000)
  object space 173568K, 0% used [0x00000006c2800000,0x00000006c2806000,0x00000006cd180000)
 Metaspace       used 18433K, capacity 18920K, committed 19200K, reserved 1067008K
  class space    used 2109K, capacity 2252K, committed 2304K, reserved 1048576K
Event: 3.771 GC heap after
Heap after GC invocations=3 (full 0):
 PSYoungGen      total 75776K, used 9950K [0x000000076b800000, 0x0000000770c80000, 0x00000007c0000000)
  eden space 65024K, 0% used [0x000000076b800000,0x000000076b800000,0x000000076f780000)
  from space 10752K, 92% used [0x000000076f780000,0x00000007701378e8,0x0000000770200000)
  to   space 10752K, 0% used [0x0000000770200000,0x0000000770200000,0x0000000770c80000)
 ParOldGen       total 173568K, used 32K [0x00000006c2800000, 0x00000006cd180000, 0x000000076b800000)
  object space 173568K, 0% used [0x00000006c2800000,0x00000006c2808000,0x00000006cd180000)
 Metaspace       used 18433K, capacity 18920K, committed 19200K, reserved 1067008K
  class space    used 2109K, capacity 2252K, committed 2304K, reserved 1048576K
}
Event: 4.411 GC heap before
{Heap before GC invocations=4 (full 0):
 PSYoungGen      total 75776K, used 46120K [0x000000076b800000, 0x0000000770c80000, 0x00000007c0000000)
  eden space 65024K, 55% used [0x000000076b800000,0x000000076db52770,0x000000076f780000)
  from space 10752K, 92% used [0x000000076f780000,0x00000007701378e8,0x0000000770200000)
  to   space 10752K, 0% used [0x0000000770200000,0x0000000770200000,0x0000000770c80000)
 ParOldGen       total 173568K, used 32K [0x00000006c2800000, 0x00000006cd180000, 0x000000076b800000)
  object space 173568K, 0% used [0x00000006c2800000,0x00000006c2808000,0x00000006cd180000)
 Metaspace       used 20513K, capacity 21080K, committed 21248K, reserved 1069056K
  class space    used 2349K, capacity 2502K, committed 2560K, reserved 1048576K
Event: 4.423 GC heap after
Heap after GC invocations=4 (full 0):
 PSYoungGen      total 75776K, used 10725K [0x000000076b800000, 0x0000000770c80000, 0x00000007c0000000)
  eden space 65024K, 0% used [0x000000076b800000,0x000000076b800000,0x000000076f780000)
  from space 10752K, 99% used [0x0000000770200000,0x0000000770c79568,0x0000000770c80000)
  to   space 10752K, 0% used [0x000000076f780000,0x000000076f780000,0x0000000770200000)
 ParOldGen       total 173568K, used 64K [0x00000006c2800000, 0x00000006cd180000, 0x000000076b800000)
  object space 173568K, 0% used [0x00000006c2800000,0x00000006c2810228,0x00000006cd180000)
 Metaspace       used 20513K, capacity 21080K, committed 21248K, reserved 1069056K
  class space    used 2349K, capacity 2502K, committed 2560K, reserved 1048576K
}
Event: 4.423 GC heap before
{Heap before GC invocations=5 (full 1):
 PSYoungGen      total 75776K, used 10725K [0x000000076b800000, 0x0000000770c80000, 0x00000007c0000000)
  eden space 65024K, 0% used [0x000000076b800000,0x000000076b800000,0x000000076f780000)
  from space 10752K, 99% used [0x0000000770200000,0x0000000770c79568,0x0000000770c80000)
  to   space 10752K, 0% used [0x000000076f780000,0x000000076f780000,0x0000000770200000)
 ParOldGen       total 173568K, used 64K [0x00000006c2800000, 0x00000006cd180000, 0x000000076b800000)
  object space 173568K, 0% used [0x00000006c2800000,0x00000006c2810228,0x00000006cd180000)
 Metaspace       used 20513K, capacity 21080K, committed 21248K, reserved 1069056K
  class space    used 2349K, capacity 2502K, committed 2560K, reserved 1048576K

Deoptimization events (10 events):
Event: 4.199 Thread 0x000002081e46c800 Uncommon trap: reason=class_check action=maybe_recompile pc=0x0000020820433e0c method=java.util.Hashtable.addEntry(ILjava/lang/Object;Ljava/lang/Object;I)V @ 38
Event: 4.242 Thread 0x000002081e46c800 Uncommon trap: reason=class_check action=maybe_recompile pc=0x00000208204c2490 method=java.util.Hashtable.get(Ljava/lang/Object;)Ljava/lang/Object; @ 6
Event: 4.242 Thread 0x000002081e46c800 Uncommon trap: reason=class_check action=maybe_recompile pc=0x00000208204c2490 method=java.util.Hashtable.get(Ljava/lang/Object;)Ljava/lang/Object; @ 6
Event: 4.243 Thread 0x000002081e46c800 Uncommon trap: reason=class_check action=maybe_recompile pc=0x00000208204c2490 method=java.util.Hashtable.get(Ljava/lang/Object;)Ljava/lang/Object; @ 6
Event: 4.243 Thread 0x000002081e46c800 Uncommon trap: reason=class_check action=maybe_recompile pc=0x00000208204c2490 method=java.util.Hashtable.get(Ljava/lang/Object;)Ljava/lang/Object; @ 6
Event: 4.283 Thread 0x000002081e46c800 Uncommon trap: reason=unstable_if action=reinterpret pc=0x00000208200bc0d4 method=java.lang.String.regionMatches(ZILjava/lang/String;II)Z @ 25
Event: 4.371 Thread 0x000002081e46c800 Uncommon trap: reason=class_check action=maybe_recompile pc=0x00000208206b7cbc method=java.lang.AbstractStringBuilder.append(Ljava/lang/CharSequence;)Ljava/lang/AbstractStringBuilder; @ 26
Event: 4.371 Thread 0x000002081e46c800 Uncommon trap: reason=unstable_if action=reinterpret pc=0x000002082088c170 method=java.io.WinNTFileSystem.normalizePrefix(Ljava/lang/String;ILjava/lang/StringBuffer;)I @ 62
Event: 4.375 Thread 0x000002081e46c800 Uncommon trap: reason=class_check action=maybe_recompile pc=0x00000208203d12bc method=sun.nio.cs.StreamEncoder.writeBytes()V @ 120
Event: 4.380 Thread 0x000002081e46c800 Uncommon trap: reason=unstable_if action=reinterpret pc=0x00000208206e9c64 method=org.codehaus.plexus.classworlds.realm.Entry.matches(Ljava/lang/String;)Z @ 20

Classes redefined (0 events):
No events

Internal exceptions (10 events):
Event: 0.211 Thread 0x000002081e46c800 Exception <a 'java/security/PrivilegedActionException'> (0x000000076bed8000) thrown at [C:\jenkins\workspace\Zulu\zulu-platform-build\50121\zulu-src.git\hotspot\src\share\vm\prims\jvm.cpp, line 1514]
Event: 0.211 Thread 0x000002081e46c800 Exception <a 'java/security/PrivilegedActionException'> (0x000000076beda760) thrown at [C:\jenkins\workspace\Zulu\zulu-platform-build\50121\zulu-src.git\hotspot\src\share\vm\prims\jvm.cpp, line 1514]
Event: 0.211 Thread 0x000002081e46c800 Exception <a 'java/security/PrivilegedActionException'> (0x000000076bedab58) thrown at [C:\jenkins\workspace\Zulu\zulu-platform-build\50121\zulu-src.git\hotspot\src\share\vm\prims\jvm.cpp, line 1514]
Event: 2.030 Thread 0x000002081e46c800 Exception <a 'java/lang/NoClassDefFoundError': com/google/inject/servlet/ServletModuleTargetVisitor> (0x000000076cce7960) thrown at [C:\jenkins\workspace\Zulu\zulu-platform-build\50121\zulu-src.git\hotspot\src\share\vm\classfile\systemDictionary.cpp, line
Event: 2.031 Thread 0x000002081e46c800 Exception <a 'java/lang/NoClassDefFoundError'> (0x000000076cce7960) thrown at [C:\jenkins\workspace\Zulu\zulu-platform-build\50121\zulu-src.git\hotspot\src\share\vm\prims\jvm.cpp, line 1518]
Event: 2.031 Thread 0x000002081e46c800 Exception <a 'java/lang/NoClassDefFoundError': javax/annotation/Priority> (0x000000076ccec7c0) thrown at [C:\jenkins\workspace\Zulu\zulu-platform-build\50121\zulu-src.git\hotspot\src\share\vm\classfile\systemDictionary.cpp, line 209]
Event: 2.121 Thread 0x000002081e46c800 Implicit null exception at 0x000002081feee19b to 0x000002081feee26d
Event: 2.498 Thread 0x000002081e46c800 Implicit null exception at 0x00000208203b37f1 to 0x00000208203b4b49
Event: 2.531 Thread 0x000002081e46c800 Implicit null exception at 0x000002082010edd5 to 0x000002082010efd9
Event: 2.533 Thread 0x000002081e46c800 Implicit null exception at 0x000002082012e8af to 0x000002082012e919

Events (10 events):
Event: 4.410 loading class com/sun/org/apache/xerces/internal/impl/XMLEntityScanner$1
Event: 4.410 loading class com/sun/org/apache/xerces/internal/impl/XMLEntityScanner$1 done
Event: 4.410 Executing VM operation: Deoptimize
Event: 4.410 Executing VM operation: Deoptimize done
Event: 4.410 loading class com/sun/org/apache/xerces/internal/impl/XMLErrorReporter
Event: 4.410 loading class com/sun/org/apache/xerces/internal/impl/XMLErrorReporter done
Event: 4.410 loading class com/sun/org/apache/xerces/internal/impl/XMLNSDocumentScannerImpl
Event: 4.410 loading class com/sun/org/apache/xerces/internal/impl/XMLDocumentScannerImpl
Event: 4.411 loading class com/sun/org/apache/xerces/internal/impl/XMLDocumentFragmentScannerImpl
Event: 4.411 Executing VM operation: CollectForMetadataAllocation


Dynamic libraries:
0x00007ff621ed0000 - 0x00007ff621f20000 	D:\JDK1.8\bin\java.exe
0x00007ffff78f0000 - 0x00007ffff7b07000 	C:\WINDOWS\SYSTEM32\ntdll.dll
0x00007ffff5c10000 - 0x00007ffff5cd4000 	C:\WINDOWS\System32\KERNEL32.DLL
0x00007ffff5170000 - 0x00007ffff552a000 	C:\WINDOWS\System32\KERNELBASE.dll
0x00007ffff5f10000 - 0x00007ffff5fc2000 	C:\WINDOWS\System32\ADVAPI32.dll
0x00007ffff6f60000 - 0x00007ffff7007000 	C:\WINDOWS\System32\msvcrt.dll
0x00007ffff6730000 - 0x00007ffff67d7000 	C:\WINDOWS\System32\sechost.dll
0x00007ffff4ee0000 - 0x00007ffff4f08000 	C:\WINDOWS\System32\bcrypt.dll
0x00007ffff5df0000 - 0x00007ffff5f04000 	C:\WINDOWS\System32\RPCRT4.dll
0x00007ffff6540000 - 0x00007ffff66ee000 	C:\WINDOWS\System32\USER32.dll
0x00007ffff5530000 - 0x00007ffff5556000 	C:\WINDOWS\System32\win32u.dll
0x00007ffff6f30000 - 0x00007ffff6f59000 	C:\WINDOWS\System32\GDI32.dll
0x00007ffff4f10000 - 0x00007ffff502b000 	C:\WINDOWS\System32\gdi32full.dll
0x00007ffff4bb0000 - 0x00007ffff4c4a000 	C:\WINDOWS\System32\msvcp_win.dll
0x00007ffff4dc0000 - 0x00007ffff4ed1000 	C:\WINDOWS\System32\ucrtbase.dll
0x00007fffd9bf0000 - 0x00007fffd9e82000 	C:\WINDOWS\WinSxS\amd64_microsoft.windows.common-controls_6595b64144ccf1df_6.0.22621.4541_none_2710d1c57384c085\COMCTL32.dll
0x00007ffff66f0000 - 0x00007ffff6721000 	C:\WINDOWS\System32\IMM32.DLL
0x00007ffff0d90000 - 0x00007ffff0da5000 	D:\JDK1.8\jre\bin\vcruntime140.dll
0x00007fffe02b0000 - 0x00007fffe034b000 	D:\JDK1.8\jre\bin\msvcp140.dll
0x0000000064880000 - 0x00000000650f3000 	D:\JDK1.8\jre\bin\server\jvm.dll
0x00007ffff7890000 - 0x00007ffff7898000 	C:\WINDOWS\System32\PSAPI.DLL
0x00007fffee3b0000 - 0x00007fffee3b9000 	C:\WINDOWS\SYSTEM32\WSOCK32.dll
0x00007fffee030000 - 0x00007fffee064000 	C:\WINDOWS\SYSTEM32\WINMM.dll
0x00007fffee070000 - 0x00007fffee07a000 	C:\WINDOWS\SYSTEM32\VERSION.dll
0x00007ffff6b80000 - 0x00007ffff6bf1000 	C:\WINDOWS\System32\WS2_32.dll
0x00007ffff3bf0000 - 0x00007ffff3c08000 	C:\WINDOWS\SYSTEM32\kernel.appcore.dll
0x00007ffff0c00000 - 0x00007ffff0c10000 	D:\JDK1.8\jre\bin\verify.dll
0x00007fffee090000 - 0x00007fffee0bb000 	D:\JDK1.8\jre\bin\java.dll
0x00007fffe9630000 - 0x00007fffe9669000 	D:\JDK1.8\jre\bin\instrument.dll
0x00007fffee1e0000 - 0x00007fffee1f8000 	D:\JDK1.8\jre\bin\zip.dll
0x00007ffff7010000 - 0x00007ffff7889000 	C:\WINDOWS\System32\SHELL32.dll
0x00007ffff2af0000 - 0x00007ffff33f9000 	C:\WINDOWS\SYSTEM32\windows.storage.dll
0x00007ffff67e0000 - 0x00007ffff6b71000 	C:\WINDOWS\System32\combase.dll
0x00007ffff29b0000 - 0x00007ffff2aef000 	C:\WINDOWS\SYSTEM32\wintypes.dll
0x00007ffff5880000 - 0x00007ffff597a000 	C:\WINDOWS\System32\SHCORE.dll
0x00007ffff5660000 - 0x00007ffff56be000 	C:\WINDOWS\System32\shlwapi.dll
0x00007ffff4ae0000 - 0x00007ffff4b0b000 	C:\WINDOWS\SYSTEM32\profapi.dll
0x00007fffedbf0000 - 0x00007fffedc0a000 	D:\IntelliJ IDEA 2021.3.2\bin\breakgen64.dll
0x00007fffedab0000 - 0x00007fffedacc000 	D:\JDK1.8\jre\bin\net.dll
0x00007ffff4070000 - 0x00007ffff40d9000 	C:\WINDOWS\system32\mswsock.dll
0x00007ffff42c0000 - 0x00007ffff42db000 	C:\WINDOWS\SYSTEM32\CRYPTSP.dll
0x00007ffff3b50000 - 0x00007ffff3b85000 	C:\WINDOWS\system32\rsaenh.dll
0x00007ffff4160000 - 0x00007ffff4188000 	C:\WINDOWS\SYSTEM32\USERENV.dll
0x00007ffff5030000 - 0x00007ffff50ab000 	C:\WINDOWS\System32\bcryptprimitives.dll
0x00007ffff42e0000 - 0x00007ffff42ec000 	C:\WINDOWS\SYSTEM32\CRYPTBASE.dll
0x00007ffff3660000 - 0x00007ffff368d000 	C:\WINDOWS\SYSTEM32\IPHLPAPI.DLL
0x00007ffff5fd0000 - 0x00007ffff5fd9000 	C:\WINDOWS\System32\NSI.dll
0x00007fffed350000 - 0x00007fffed369000 	C:\WINDOWS\SYSTEM32\dhcpcsvc6.DLL
0x00007fffed330000 - 0x00007fffed34f000 	C:\WINDOWS\SYSTEM32\dhcpcsvc.DLL
0x00007ffff3720000 - 0x00007ffff3822000 	C:\WINDOWS\SYSTEM32\DNSAPI.dll
0x00007fffed810000 - 0x00007fffed823000 	D:\JDK1.8\jre\bin\nio.dll
0x00007ffff0ba0000 - 0x00007ffff0baa000 	C:\Users\Hasee\AppData\Local\Temp\jansi-1.17.1-7884875671012750465.dll
0x00007ffff0a30000 - 0x00007ffff0a3a000 	C:\Users\Hasee\AppData\Local\Temp\jansi-1.17.1-8740223777321816651.dll

VM Arguments:
jvm_args: -Dmaven.multiModuleProjectDirectory=D:\Kenshi -Dmaven.home=D:\IntelliJ IDEA 2021.3.2\plugins\maven\lib\maven3 -Dclassworlds.conf=D:\IntelliJ IDEA 2021.3.2\plugins\maven\lib\maven3\bin\m2.conf -Dmaven.ext.class.path=D:\IntelliJ IDEA 2021.3.2\plugins\maven\lib\maven-event-listener.jar -javaagent:D:\IntelliJ IDEA 2021.3.2\lib\idea_rt.jar=53210:D:\IntelliJ IDEA 2021.3.2\bin -Dfile.encoding=UTF-8 
java_command: org.codehaus.classworlds.Launcher -Didea.version=2021.3.2 package
java_class_path (initial): D:\IntelliJ IDEA 2021.3.2\plugins\maven\lib\maven3\boot\plexus-classworlds-2.6.0.jar;D:\IntelliJ IDEA 2021.3.2\plugins\maven\lib\maven3\boot\plexus-classworlds.license;D:\IntelliJ IDEA 2021.3.2\lib\idea_rt.jar
Launcher Type: SUN_STANDARD

Environment Variables:
PATH=E:\Oculus\Support\oculus-runtime;G:\VMware\bin\;C:\Windows\system32;C:\Windows;C:\Windows\System32\Wbem;C:\Windows\System32\WindowsPowerShell\v1.0\;C:\Windows\System32\OpenSSH\;D:\Bandizip\;C:\Program Files\dotnet\;C:\WINDOWS\system32;C:\WINDOWS;C:\WINDOWS\System32\Wbem;C:\WINDOWS\System32\WindowsPowerShell\v1.0\;C:\WINDOWS\System32\OpenSSH\;D:\Git\cmd;D:\WeChatDevelopment\dll;D:\MySQL\MySQL Server 5.7\bin;D:\XFTP\;C:\Program Files\Common Files\Autodesk Shared\;C:\Program Files\Microsoft SQL Server\120\Tools\Binn\;F:\ChatWaifuL2D\ffmpeg-n4.4-latest-win64-gpl-4.4\bin;C:\Program Files (x86)\NVIDIA Corporation\PhysX\Common;C:\Program Files\NVIDIA Corporation\NVIDIA NvDLISR;D:\Lua5.1;D:\Lua5.1\clibs;%SystemRoot%\system32;%SystemRoot%;%SystemRoot%\System32\Wbem;%SYSTEMROOT%\System32\WindowsPowerShell\v1.0\;%SYSTEMROOT%\System32\OpenSSH\;D:\Python\Scripts\;D:\Python\;C:\Users\Hasee\AppData\Local\Microsoft\WindowsApps;;D:\IntelliJ IDEA 2021.3.2\bin;D:\Microsoft VS Code\bin;C:\Users\Hasee\.dotnet\tools;D:\MinGW\bin;%USERPROFILE%\AppData\Local\Microsoft\WindowsApps
USERNAME=Hasee
OS=Windows_NT
PROCESSOR_IDENTIFIER=Intel64 Family 6 Model 158 Stepping 10, GenuineIntel



---------------  S Y S T E M  ---------------

OS: Windows 11 , 64 bit Build 22621 (10.0.22621.4391)

CPU:total 8 (initial active 8) (4 cores per cpu, 2 threads per core) family 6 model 158 stepping 10, cmov, cx8, fxsr, mmx, sse, sse2, sse3, ssse3, sse4.1, sse4.2, popcnt, avx, avx2, aes, clmul, erms, 3dnowpref, lzcnt, ht, tsc, tscinvbit, bmi1, bmi2, adx

Memory: 4k page, physical 16607732k(2635952k free), swap 41871824k(4332k free)

vm_info: OpenJDK 64-Bit Server VM (25.442-b06) for windows-amd64 JRE (Zulu 8.84.0.15-CA-win64) (1.8.0_442-b06), built on Jan  7 2025 14:34:28 by "zulu_re" with MS VC++ 15.9 (VS2017)

time: Sat Feb  8 00:21:52 2025
timezone: Intel64 Family 6 Model 158 Stepping 10, GenuineIntel
elapsed time: 4.477206 seconds (0d 0h 0m 4s)

